<?xml version="1.0" encoding="UTF-8"?>
<!-- Generated by org.testng.reporters.JUnitXMLReporter -->
<testsuite hostname="hp-PC" ignored="1" name="Submit Without Any Data" tests="1" failures="0" timestamp="19 Feb 2020 17:42:52 GMT" time="0.016" errors="0">
  <testcase name="@BeforeMethod setup" time="0.0" classname="selenium.framework.testbase.TestBase">
    <failure type="org.testng.TestNGException" message="
Parameter &amp;apos;browser&amp;apos; is required by BeforeMethod on method setup but has not been marked @Optional or defined
in C:\Users\hp\git\GuruBanking1\Guru99_Banking_Project\src\resources\NewCustomer.xml">
      <![CDATA[org.testng.TestNGException: 
Parameter 'browser' is required by BeforeMethod on method setup but has not been marked @Optional or defined
in C:\Users\hp\git\GuruBanking1\Guru99_Banking_Project\src\resources\NewCustomer.xml
... Removed 25 stack frames]]>
    </failure>
  </testcase> <!-- @BeforeMethod setup -->
  <testcase name="@AfterMethod getResult" time="0.0" classname="com.gurubanking.testcases.NewCustomerTest">
    <skipped/>
  </testcase> <!-- @AfterMethod getResult -->
  <testcase name="@AfterClass teardown" time="0.0" classname="selenium.framework.testbase.TestBase">
    <skipped/>
  </testcase> <!-- @AfterClass teardown -->
  <testcase name="submitWithoutDataTest" time="0.0" classname="com.gurubanking.testcases.NewCustomerTest">
    <skipped/>
  </testcase> <!-- submitWithoutDataTest -->
  <testcase name="verifyNewCustomer" time="0.0" classname="com.gurubanking.testcases.NewCustomerTest">
    <ignored/>
  </testcase> <!-- verifyNewCustomer -->
</testsuite> <!-- Submit Without Any Data -->
